<?xml version="1.0" encoding="UTF-8"?>
<testsuite xmlns:xsi="http://www.w3.org/2001/XMLSchema-instance" xsi:noNamespaceSchemaLocation="https://maven.apache.org/surefire/maven-surefire-plugin/xsd/surefire-test-report-3.0.xsd" version="3.0" name="runner.TestRunnerRerun" time="66.125" tests="1" errors="1" skipped="0" failures="0">
  <properties>
[...]
</properties>
  <testcase name="Validate export to excel in Overview screen functionality" classname="Login page feature" time="64.683">
    <error message="element click intercepted: Element &lt;button _ngcontent-ng-c3406034334=&quot;&quot; type=&quot;button&quot; pbutton=&quot;&quot; pripple=&quot;&quot; tooltipposition=&quot;top&quot; icon=&quot;fas fa-download&quot; class=&quot;p-element p-button-rounded p-mr-2 p-mb-2 p-button p-component p-button-icon-only&quot; id=&quot;btn_expt__Overview&quot; disabled=&quot;&quot;&gt;...&lt;/button&gt; is not clickable at point (1331, 244). Other element would receive the click: &lt;span _ngcontent-ng-c3406034334=&quot;&quot; class=&quot;exportButton ng-star-inserted&quot;&gt;...&lt;/span&gt;&#10;  (Session info: chrome=129.0.6668.90)&#10;Build info: version: &apos;3.141.59&apos;, revision: &apos;e82be7d358&apos;, time: &apos;2018-11-14T08:17:03&apos;&#10;System info: host: &apos;XSSPC07&apos;, ip: &apos;10.10.222.101&apos;, os.name: &apos;Windows 10&apos;, os.arch: &apos;amd64&apos;, os.version: &apos;10.0&apos;, java.version: &apos;1.8.0_202&apos;&#10;Driver info: org.openqa.selenium.chrome.ChromeDriver&#10;Capabilities {acceptInsecureCerts: false, browserName: chrome, browserVersion: 129.0.6668.90, chrome: {chromedriverVersion: 129.0.6668.91 (b00bc8b76d60..., userDataDir: C:\Users\SUCHIT~1\AppData\L...}, fedcm:accounts: true, goog:chromeOptions: {debuggerAddress: localhost:53645}, javascriptEnabled: true, networkConnectionEnabled: false, pageLoadStrategy: normal, platform: WINDOWS, platformName: WINDOWS, proxy: Proxy(), setWindowRect: true, strictFileInteractability: false, timeouts: {implicit: 0, pageLoad: 300000, script: 30000}, unhandledPromptBehavior: dismiss and notify, webauthn:extension:credBlob: true, webauthn:extension:largeBlob: true, webauthn:extension:minPinLength: true, webauthn:extension:prf: true, webauthn:virtualAuthenticators: true}&#10;Session ID: acefbf594681ce51e31733b707389cc6" type="org.openqa.selenium.ElementClickInterceptedException"><![CDATA[org.openqa.selenium.ElementClickInterceptedException: 
element click intercepted: Element <button _ngcontent-ng-c3406034334="" type="button" pbutton="" pripple="" tooltipposition="top" icon="fas fa-download" class="p-element p-button-rounded p-mr-2 p-mb-2 p-button p-component p-button-icon-only" id="btn_expt__Overview" disabled="">...</button> is not clickable at point (1331, 244). Other element would receive the click: <span _ngcontent-ng-c3406034334="" class="exportButton ng-star-inserted">...</span>
  (Session info: chrome=129.0.6668.90)
Build info: version: '3.141.59', revision: 'e82be7d358', time: '2018-11-14T08:17:03'
System info: host: 'XSSPC07', ip: '10.10.222.101', os.name: 'Windows 10', os.arch: 'amd64', os.version: '10.0', java.version: '1.8.0_202'
Driver info: org.openqa.selenium.chrome.ChromeDriver
Capabilities {acceptInsecureCerts: false, browserName: chrome, browserVersion: 129.0.6668.90, chrome: {chromedriverVersion: 129.0.6668.91 (b00bc8b76d60..., userDataDir: C:\Users\SUCHIT~1\AppData\L...}, fedcm:accounts: true, goog:chromeOptions: {debuggerAddress: localhost:53645}, javascriptEnabled: true, networkConnectionEnabled: false, pageLoadStrategy: normal, platform: WINDOWS, platformName: WINDOWS, proxy: Proxy(), setWindowRect: true, strictFileInteractability: false, timeouts: {implicit: 0, pageLoad: 300000, script: 30000}, unhandledPromptBehavior: dismiss and notify, webauthn:extension:credBlob: true, webauthn:extension:largeBlob: true, webauthn:extension:minPinLength: true, webauthn:extension:prf: true, webauthn:virtualAuthenticators: true}
Session ID: acefbf594681ce51e31733b707389cc6
	at sun.reflect.NativeConstructorAccessorImpl.newInstance0(Native Method)
	at sun.reflect.NativeConstructorAccessorImpl.newInstance(NativeConstructorAccessorImpl.java:62)
	at sun.reflect.DelegatingConstructorAccessorImpl.newInstance(DelegatingConstructorAccessorImpl.java:45)
	at java.lang.reflect.Constructor.newInstance(Constructor.java:423)
	at org.openqa.selenium.remote.http.W3CHttpResponseCodec.createException(W3CHttpResponseCodec.java:187)
	at org.openqa.selenium.remote.http.W3CHttpResponseCodec.decode(W3CHttpResponseCodec.java:122)
	at org.openqa.selenium.remote.http.W3CHttpResponseCodec.decode(W3CHttpResponseCodec.java:49)
	at org.openqa.selenium.remote.HttpCommandExecutor.execute(HttpCommandExecutor.java:158)
	at org.openqa.selenium.remote.service.DriverCommandExecutor.execute(DriverCommandExecutor.java:83)
	at org.openqa.selenium.remote.RemoteWebDriver.execute(RemoteWebDriver.java:552)
	at org.openqa.selenium.remote.RemoteWebElement.execute(RemoteWebElement.java:285)
	at org.openqa.selenium.remote.RemoteWebElement.click(RemoteWebElement.java:84)
	at pageobjects.NewInterventionPage.Export_Excel(NewInterventionPage.java:606)
	at stepDefs.NewIntervention_StepDefs.user_are_able_to_export_the_intervention_in_overview_screen(NewIntervention_StepDefs.java:347)
	at ✽.User are able to export the intervention in overview screen(classpath:features/Intervention.feature:63)
]]></error>
    <system-out><![CDATA[
@ui @exportExcel
Scenario Outline: Validate export to excel in Overview screen functionality                                                                  # features/Intervention.feature:68

    Browser invoked


    Browser navigated to url


    Clicked on I agree button

  Given User is on the login page                                                                                                            # stepDefs.Login_StepDefs.user_is_on_the_login_page()

    Entered Username :suchita@xss.be


    Entered Password :9q5C+s2D

  And User logs into the intervention application using the username and password provided in a spreadsheet named "Login" at the specified 0 # stepDefs.Login_StepDefs.user_logs_into_the_intervention_application_using_the_username_and_password_provided_in_a_spreadsheet_named_at_the_specified(java.lang.String,java.lang.Integer)

    Assert passed


    Toast message after clicked on sign in button : Logged in Successfully.

Assert passed
  And User clicks on the Sign In button in a spreadsheet named "Login" at the specified 0                                                    # stepDefs.Login_StepDefs.user_clicks_on_the_sign_in_button_in_a_spreadsheet_named_at_the_specified(java.lang.String,java.lang.Integer)

    Clicked on Intervention


    Clicked on Overview

  And User navigates to the intervention overview screen                                                                                     # stepDefs.NewIntervention_StepDefs.user_navigates_to_the_intervention_overview_screen()
Month of year1: October 2024
30 August 2024
Current Month and Year: 30 August 2024
1
  And User are able to filter the intervention by username and date "Login" at the specified 0                                               # stepDefs.NewIntervention_StepDefs.user_are_able_to_filter_the_intervention_by_username_and_date_at_the_specified(java.lang.String,java.lang.Integer)
Total no of checkboxes:0
  Then User are able to export the intervention in overview screen                                                                           # stepDefs.NewIntervention_StepDefs.user_are_able_to_export_the_intervention_in_overview_screen()
      org.openqa.selenium.ElementClickInterceptedException: element click intercepted: Element <button _ngcontent-ng-c3406034334="" type="button" pbutton="" pripple="" tooltipposition="top" icon="fas fa-download" class="p-element p-button-rounded p-mr-2 p-mb-2 p-button p-component p-button-icon-only" id="btn_expt__Overview" disabled="">...</button> is not clickable at point (1331, 244). Other element would receive the click: <span _ngcontent-ng-c3406034334="" class="exportButton ng-star-inserted">...</span>
  (Session info: chrome=129.0.6668.90)
Build info: version: '3.141.59', revision: 'e82be7d358', time: '2018-11-14T08:17:03'
System info: host: 'XSSPC07', ip: '10.10.222.101', os.name: 'Windows 10', os.arch: 'amd64', os.version: '10.0', java.version: '1.8.0_202'
Driver info: org.openqa.selenium.chrome.ChromeDriver
Capabilities {acceptInsecureCerts: false, browserName: chrome, browserVersion: 129.0.6668.90, chrome: {chromedriverVersion: 129.0.6668.91 (b00bc8b76d60..., userDataDir: C:\Users\SUCHIT~1\AppData\L...}, fedcm:accounts: true, goog:chromeOptions: {debuggerAddress: localhost:53645}, javascriptEnabled: true, networkConnectionEnabled: false, pageLoadStrategy: normal, platform: WINDOWS, platformName: WINDOWS, proxy: Proxy(), setWindowRect: true, strictFileInteractability: false, timeouts: {implicit: 0, pageLoad: 300000, script: 30000}, unhandledPromptBehavior: dismiss and notify, webauthn:extension:credBlob: true, webauthn:extension:largeBlob: true, webauthn:extension:minPinLength: true, webauthn:extension:prf: true, webauthn:virtualAuthenticators: true}
Session ID: acefbf594681ce51e31733b707389cc6
	at sun.reflect.NativeConstructorAccessorImpl.newInstance0(Native Method)
	at sun.reflect.NativeConstructorAccessorImpl.newInstance(NativeConstructorAccessorImpl.java:62)
	at sun.reflect.DelegatingConstructorAccessorImpl.newInstance(DelegatingConstructorAccessorImpl.java:45)
	at java.lang.reflect.Constructor.newInstance(Constructor.java:423)
	at org.openqa.selenium.remote.http.W3CHttpResponseCodec.createException(W3CHttpResponseCodec.java:187)
	at org.openqa.selenium.remote.http.W3CHttpResponseCodec.decode(W3CHttpResponseCodec.java:122)
	at org.openqa.selenium.remote.http.W3CHttpResponseCodec.decode(W3CHttpResponseCodec.java:49)
	at org.openqa.selenium.remote.HttpCommandExecutor.execute(HttpCommandExecutor.java:158)
	at org.openqa.selenium.remote.service.DriverCommandExecutor.execute(DriverCommandExecutor.java:83)
	at org.openqa.selenium.remote.RemoteWebDriver.execute(RemoteWebDriver.java:552)
	at org.openqa.selenium.remote.RemoteWebElement.execute(RemoteWebElement.java:285)
	at org.openqa.selenium.remote.RemoteWebElement.click(RemoteWebElement.java:84)
	at pageobjects.NewInterventionPage.Export_Excel(NewInterventionPage.java:606)
	at stepDefs.NewIntervention_StepDefs.user_are_able_to_export_the_intervention_in_overview_screen(NewIntervention_StepDefs.java:347)
	at âœ½.User are able to export the intervention in overview screen(classpath:features/Intervention.feature:63)


    Step is failed


    Embedding Failed Step Name: Validate export to excel in Overview screen functionality [image/png 64626 bytes]

Validate export to excel in Overview screen functionality

    Browser closed

]]></system-out>
    <system-err><![CDATA[Starting ChromeDriver 129.0.6668.91 (b00bc8b76d601dfd7471dbed072a547601ee7665-refs/branch-heads/6668@{#1505}) on port 5457
Only local connections are allowed.
Please see https://chromedriver.chromium.org/security-considerations for suggestions on keeping ChromeDriver safe.
ChromeDriver was started successfully on port 5457.
Oct 09, 2024 2:28:14 PM org.openqa.selenium.remote.ProtocolHandshake createSession
INFO: Detected dialect: W3C
]]></system-err>
  </testcase>
</testsuite>